running develop
running egg_info
creating leo_rover_semantic_vision.egg-info
writing leo_rover_semantic_vision.egg-info/PKG-INFO
writing dependency_links to leo_rover_semantic_vision.egg-info/dependency_links.txt
writing entry points to leo_rover_semantic_vision.egg-info/entry_points.txt
writing requirements to leo_rover_semantic_vision.egg-info/requires.txt
writing top-level names to leo_rover_semantic_vision.egg-info/top_level.txt
writing manifest file 'leo_rover_semantic_vision.egg-info/SOURCES.txt'
reading manifest file 'leo_rover_semantic_vision.egg-info/SOURCES.txt'
writing manifest file 'leo_rover_semantic_vision.egg-info/SOURCES.txt'
running build_ext
Creating /ros2_ws/install/leo_rover_semantic_vision/lib/python3.10/site-packages/leo-rover-semantic-vision.egg-link (link to .)
Installing aruco_detection_node script to /ros2_ws/install/leo_rover_semantic_vision/lib/leo_rover_semantic_vision
Installing semantic_vision_node script to /ros2_ws/install/leo_rover_semantic_vision/lib/leo_rover_semantic_vision

Installed /ros2_ws/build/leo_rover_semantic_vision
running symlink_data
creating /ros2_ws/install/leo_rover_semantic_vision/share/ament_index
creating /ros2_ws/install/leo_rover_semantic_vision/share/ament_index/resource_index
creating /ros2_ws/install/leo_rover_semantic_vision/share/ament_index/resource_index/packages
symbolically linking /ros2_ws/build/leo_rover_semantic_vision/resource/leo_rover_semantic_vision -> /ros2_ws/install/leo_rover_semantic_vision/share/ament_index/resource_index/packages
symbolically linking /ros2_ws/build/leo_rover_semantic_vision/package.xml -> /ros2_ws/install/leo_rover_semantic_vision/share/leo_rover_semantic_vision
creating /ros2_ws/install/leo_rover_semantic_vision/share/leo_rover_semantic_vision/launch
symbolically linking /ros2_ws/build/leo_rover_semantic_vision/launch/aruco_detection.launch.py -> /ros2_ws/install/leo_rover_semantic_vision/share/leo_rover_semantic_vision/launch
creating /ros2_ws/install/leo_rover_semantic_vision/share/leo_rover_semantic_vision/config
symbolically linking /ros2_ws/build/leo_rover_semantic_vision/config/aruco_params.yaml -> /ros2_ws/install/leo_rover_semantic_vision/share/leo_rover_semantic_vision/config
