[0.514s] Invoking command in '/ros2_ws/build/leo_rover_semantic_vision': PYTHONPATH=/ros2_ws/build/leo_rover_semantic_vision/prefix_override:/usr/lib/python3/dist-packages/colcon_core/task/python/colcon_distutils_commands:/ros2_ws/install/leo_rover_semantic_vision/lib/python3.10/site-packages:${PYTHONPATH} /usr/bin/python3 -W ignore:setup.py install is deprecated -W ignore:easy_install command is deprecated setup.py develop --editable --build-directory /ros2_ws/build/leo_rover_semantic_vision/build --no-deps symlink_data
[0.729s] running develop
[0.857s] running egg_info
[0.857s] creating leo_rover_semantic_vision.egg-info
[0.857s] writing leo_rover_semantic_vision.egg-info/PKG-INFO
[0.857s] writing dependency_links to leo_rover_semantic_vision.egg-info/dependency_links.txt
[0.857s] writing entry points to leo_rover_semantic_vision.egg-info/entry_points.txt
[0.857s] writing requirements to leo_rover_semantic_vision.egg-info/requires.txt
[0.857s] writing top-level names to leo_rover_semantic_vision.egg-info/top_level.txt
[0.857s] writing manifest file 'leo_rover_semantic_vision.egg-info/SOURCES.txt'
[0.859s] reading manifest file 'leo_rover_semantic_vision.egg-info/SOURCES.txt'
[0.859s] writing manifest file 'leo_rover_semantic_vision.egg-info/SOURCES.txt'
[0.860s] running build_ext
[0.860s] Creating /ros2_ws/install/leo_rover_semantic_vision/lib/python3.10/site-packages/leo-rover-semantic-vision.egg-link (link to .)
[0.861s] Installing aruco_detection_node script to /ros2_ws/install/leo_rover_semantic_vision/lib/leo_rover_semantic_vision
[0.861s] Installing semantic_vision_node script to /ros2_ws/install/leo_rover_semantic_vision/lib/leo_rover_semantic_vision
[0.861s] 
[0.861s] Installed /ros2_ws/build/leo_rover_semantic_vision
[0.861s] running symlink_data
[0.862s] creating /ros2_ws/install/leo_rover_semantic_vision/share/ament_index
[0.862s] creating /ros2_ws/install/leo_rover_semantic_vision/share/ament_index/resource_index
[0.862s] creating /ros2_ws/install/leo_rover_semantic_vision/share/ament_index/resource_index/packages
[0.862s] symbolically linking /ros2_ws/build/leo_rover_semantic_vision/resource/leo_rover_semantic_vision -> /ros2_ws/install/leo_rover_semantic_vision/share/ament_index/resource_index/packages
[0.862s] symbolically linking /ros2_ws/build/leo_rover_semantic_vision/package.xml -> /ros2_ws/install/leo_rover_semantic_vision/share/leo_rover_semantic_vision
[0.862s] creating /ros2_ws/install/leo_rover_semantic_vision/share/leo_rover_semantic_vision/launch
[0.862s] symbolically linking /ros2_ws/build/leo_rover_semantic_vision/launch/aruco_detection.launch.py -> /ros2_ws/install/leo_rover_semantic_vision/share/leo_rover_semantic_vision/launch
[0.862s] creating /ros2_ws/install/leo_rover_semantic_vision/share/leo_rover_semantic_vision/config
[0.862s] symbolically linking /ros2_ws/build/leo_rover_semantic_vision/config/aruco_params.yaml -> /ros2_ws/install/leo_rover_semantic_vision/share/leo_rover_semantic_vision/config
[0.882s] Invoked command in '/ros2_ws/build/leo_rover_semantic_vision' returned '0': PYTHONPATH=/ros2_ws/build/leo_rover_semantic_vision/prefix_override:/usr/lib/python3/dist-packages/colcon_core/task/python/colcon_distutils_commands:/ros2_ws/install/leo_rover_semantic_vision/lib/python3.10/site-packages:${PYTHONPATH} /usr/bin/python3 -W ignore:setup.py install is deprecated -W ignore:easy_install command is deprecated setup.py develop --editable --build-directory /ros2_ws/build/leo_rover_semantic_vision/build --no-deps symlink_data
